Arguments: 
  /usr/bin/node /usr/bin/yarn add eslint-plugin-react@^7.20.0 eslint-config-airbnb@latest eslint-plugin-import@^2.21.2 eslint-plugin-jsx-a11y@^6.3.0 eslint-plugin-react-hooks@^4 --dev

PATH: 
  /usr/local/sbin:/usr/local/bin:/usr/sbin:/usr/bin:/sbin:/bin:/usr/games:/usr/local/games:/snap/bin

Yarn version: 
  1.22.5

Node version: 
  12.18.3

Platform: 
  linux x64

Trace: 
  Error: getaddrinfo EAI_AGAIN registry.npmjs.org
      at GetAddrInfoReqWrap.onlookup [as oncomplete] (dns.js:66:26)

npm manifest: 
  {
    "main": "node_modules/expo/AppEntry.js",
    "scripts": {
      "start": "expo start",
      "android": "expo start --android",
      "ios": "expo start --ios",
      "web": "expo start --web",
      "eject": "expo eject"
    },
    "dependencies": {
      "expo": "~38.0.8",
      "expo-status-bar": "^1.0.2",
      "react": "~16.11.0",
      "react-dom": "~16.11.0",
      "react-native": "https://github.com/expo/react-native/archive/sdk-38.0.2.tar.gz",
      "react-native-web": "~0.11.7"
    },
    "devDependencies": {
      "@babel/core": "^7.8.6",
      "babel-preset-expo": "~8.1.0"
    },
    "private": true
  }

yarn manifest: 
  No manifest

Lockfile: 
  No lockfile
